2025-11-03 20:55:14,140 INFO Wrote text for /Users/gbrock/Projects/cs1060/civicPulse/CIVIC-civic-pulse/backend/processing/test_files/lowell_10142025.pdf to /Users/gbrock/Projects/cs1060/civicPulse/CIVIC-civic-pulse/backend/processing/output/lowell_10142025.txt
2025-11-03 20:55:14,141 INFO Wrote JSON for /Users/gbrock/Projects/cs1060/civicPulse/CIVIC-civic-pulse/backend/processing/test_files/lowell_10142025.pdf to /Users/gbrock/Projects/cs1060/civicPulse/CIVIC-civic-pulse/backend/processing/output/lowell_10142025.json
2025-11-03 20:55:14,149 INFO Wrote text for /Users/gbrock/Projects/cs1060/civicPulse/CIVIC-civic-pulse/backend/processing/test_files/March 25 2024 Canton energy Advisory Committee Meeting.pdf to /Users/gbrock/Projects/cs1060/civicPulse/CIVIC-civic-pulse/backend/processing/output/March 25 2024 Canton energy Advisory Committee Meeting.txt
2025-11-03 20:55:14,149 INFO Wrote JSON for /Users/gbrock/Projects/cs1060/civicPulse/CIVIC-civic-pulse/backend/processing/test_files/March 25 2024 Canton energy Advisory Committee Meeting.pdf to /Users/gbrock/Projects/cs1060/civicPulse/CIVIC-civic-pulse/backend/processing/output/March 25 2024 Canton energy Advisory Committee Meeting.json
2025-11-03 20:55:14,180 INFO Wrote text for /Users/gbrock/Projects/cs1060/civicPulse/CIVIC-civic-pulse/backend/processing/test_files/lowell_10212025.pdf to /Users/gbrock/Projects/cs1060/civicPulse/CIVIC-civic-pulse/backend/processing/output/lowell_10212025.txt
2025-11-03 20:55:14,180 INFO Wrote JSON for /Users/gbrock/Projects/cs1060/civicPulse/CIVIC-civic-pulse/backend/processing/test_files/lowell_10212025.pdf to /Users/gbrock/Projects/cs1060/civicPulse/CIVIC-civic-pulse/backend/processing/output/lowell_10212025.json
2025-11-03 20:55:14,224 INFO Wrote text for /Users/gbrock/Projects/cs1060/civicPulse/CIVIC-civic-pulse/backend/processing/test_files/lowell_10282025.pdf to /Users/gbrock/Projects/cs1060/civicPulse/CIVIC-civic-pulse/backend/processing/output/lowell_10282025.txt
2025-11-03 20:55:14,224 INFO Wrote JSON for /Users/gbrock/Projects/cs1060/civicPulse/CIVIC-civic-pulse/backend/processing/test_files/lowell_10282025.pdf to /Users/gbrock/Projects/cs1060/civicPulse/CIVIC-civic-pulse/backend/processing/output/lowell_10282025.json
2025-11-03 20:55:14,230 INFO Wrote text for /Users/gbrock/Projects/cs1060/civicPulse/CIVIC-civic-pulse/backend/processing/test_files/October 8 2025 Meeting.pdf to /Users/gbrock/Projects/cs1060/civicPulse/CIVIC-civic-pulse/backend/processing/output/October 8 2025 Meeting.txt
2025-11-03 20:55:14,230 INFO Wrote JSON for /Users/gbrock/Projects/cs1060/civicPulse/CIVIC-civic-pulse/backend/processing/test_files/October 8 2025 Meeting.pdf to /Users/gbrock/Projects/cs1060/civicPulse/CIVIC-civic-pulse/backend/processing/output/October 8 2025 Meeting.json
2025-11-03 20:55:14,252 INFO Wrote text for /Users/gbrock/Projects/cs1060/civicPulse/CIVIC-civic-pulse/backend/processing/test_files/lowell_10142025.pdf to /Users/gbrock/Projects/cs1060/civicPulse/CIVIC-civic-pulse/backend/processing/output/lowell_10142025.txt
2025-11-03 20:55:14,252 INFO Wrote JSON for /Users/gbrock/Projects/cs1060/civicPulse/CIVIC-civic-pulse/backend/processing/test_files/lowell_10142025.pdf to /Users/gbrock/Projects/cs1060/civicPulse/CIVIC-civic-pulse/backend/processing/output/lowell_10142025.json
2025-11-03 20:55:14,258 INFO Wrote text for /Users/gbrock/Projects/cs1060/civicPulse/CIVIC-civic-pulse/backend/processing/test_files/March 25 2024 Canton energy Advisory Committee Meeting.pdf to /Users/gbrock/Projects/cs1060/civicPulse/CIVIC-civic-pulse/backend/processing/output/March 25 2024 Canton energy Advisory Committee Meeting.txt
2025-11-03 20:55:14,258 INFO Wrote JSON for /Users/gbrock/Projects/cs1060/civicPulse/CIVIC-civic-pulse/backend/processing/test_files/March 25 2024 Canton energy Advisory Committee Meeting.pdf to /Users/gbrock/Projects/cs1060/civicPulse/CIVIC-civic-pulse/backend/processing/output/March 25 2024 Canton energy Advisory Committee Meeting.json
2025-11-03 20:55:14,288 INFO Wrote text for /Users/gbrock/Projects/cs1060/civicPulse/CIVIC-civic-pulse/backend/processing/test_files/lowell_10212025.pdf to /Users/gbrock/Projects/cs1060/civicPulse/CIVIC-civic-pulse/backend/processing/output/lowell_10212025.txt
2025-11-03 20:55:14,288 INFO Wrote JSON for /Users/gbrock/Projects/cs1060/civicPulse/CIVIC-civic-pulse/backend/processing/test_files/lowell_10212025.pdf to /Users/gbrock/Projects/cs1060/civicPulse/CIVIC-civic-pulse/backend/processing/output/lowell_10212025.json
2025-11-03 20:55:14,332 INFO Wrote text for /Users/gbrock/Projects/cs1060/civicPulse/CIVIC-civic-pulse/backend/processing/test_files/lowell_10282025.pdf to /Users/gbrock/Projects/cs1060/civicPulse/CIVIC-civic-pulse/backend/processing/output/lowell_10282025.txt
2025-11-03 20:55:14,332 INFO Wrote JSON for /Users/gbrock/Projects/cs1060/civicPulse/CIVIC-civic-pulse/backend/processing/test_files/lowell_10282025.pdf to /Users/gbrock/Projects/cs1060/civicPulse/CIVIC-civic-pulse/backend/processing/output/lowell_10282025.json
2025-11-03 20:55:14,337 INFO Wrote text for /Users/gbrock/Projects/cs1060/civicPulse/CIVIC-civic-pulse/backend/processing/test_files/October 8 2025 Meeting.pdf to /Users/gbrock/Projects/cs1060/civicPulse/CIVIC-civic-pulse/backend/processing/output/October 8 2025 Meeting.txt
2025-11-03 20:55:14,338 INFO Wrote JSON for /Users/gbrock/Projects/cs1060/civicPulse/CIVIC-civic-pulse/backend/processing/test_files/October 8 2025 Meeting.pdf to /Users/gbrock/Projects/cs1060/civicPulse/CIVIC-civic-pulse/backend/processing/output/October 8 2025 Meeting.json
