2025-11-03 20:49:56,843 INFO Wrote text for backend/data/raw notes/Wichita/Wichita_10-07-2025 Final City Council Agenda.pdf to backend/processing/output/wichita/Wichita_10-07-2025 Final City Council Agenda.txt
2025-11-03 20:49:56,843 INFO Wrote JSON for backend/data/raw notes/Wichita/Wichita_10-07-2025 Final City Council Agenda.pdf to backend/processing/output/wichita/Wichita_10-07-2025 Final City Council Agenda.json
2025-11-03 20:49:57,010 INFO Wrote text for backend/data/raw notes/Wichita/Wichita_05-06-2025 Final City Council Agenda v1.pdf to backend/processing/output/wichita/Wichita_05-06-2025 Final City Council Agenda v1.txt
2025-11-03 20:49:57,010 INFO Wrote JSON for backend/data/raw notes/Wichita/Wichita_05-06-2025 Final City Council Agenda v1.pdf to backend/processing/output/wichita/Wichita_05-06-2025 Final City Council Agenda v1.json
2025-11-03 20:49:57,108 INFO Wrote text for backend/data/raw notes/Wichita/Wichita_08-12-2025 Final City Council Agenda.pdf to backend/processing/output/wichita/Wichita_08-12-2025 Final City Council Agenda.txt
2025-11-03 20:49:57,108 INFO Wrote JSON for backend/data/raw notes/Wichita/Wichita_08-12-2025 Final City Council Agenda.pdf to backend/processing/output/wichita/Wichita_08-12-2025 Final City Council Agenda.json
2025-11-03 20:49:57,115 INFO Wrote text for backend/data/raw notes/Wichita/Wichita_04-29-2025 CIty County En Banc Meeting.pdf to backend/processing/output/wichita/Wichita_04-29-2025 CIty County En Banc Meeting.txt
2025-11-03 20:49:57,115 INFO Wrote JSON for backend/data/raw notes/Wichita/Wichita_04-29-2025 CIty County En Banc Meeting.pdf to backend/processing/output/wichita/Wichita_04-29-2025 CIty County En Banc Meeting.json
2025-11-03 20:49:57,189 INFO Wrote text for backend/data/raw notes/Wichita/Wichita_06-10-2025 Final City Council Agenda.pdf to backend/processing/output/wichita/Wichita_06-10-2025 Final City Council Agenda.txt
2025-11-03 20:49:57,190 INFO Wrote JSON for backend/data/raw notes/Wichita/Wichita_06-10-2025 Final City Council Agenda.pdf to backend/processing/output/wichita/Wichita_06-10-2025 Final City Council Agenda.json
2025-11-03 20:49:57,262 INFO Wrote text for backend/data/raw notes/Wichita/Wichita_08-26-2025 Final City Council Agenda v2.pdf to backend/processing/output/wichita/Wichita_08-26-2025 Final City Council Agenda v2.txt
2025-11-03 20:49:57,262 INFO Wrote JSON for backend/data/raw notes/Wichita/Wichita_08-26-2025 Final City Council Agenda v2.pdf to backend/processing/output/wichita/Wichita_08-26-2025 Final City Council Agenda v2.json
2025-11-03 20:49:57,326 INFO Wrote text for backend/data/raw notes/Wichita/Wichita_08-07-2025 Final City Council Agenda.pdf to backend/processing/output/wichita/Wichita_08-07-2025 Final City Council Agenda.txt
2025-11-03 20:49:57,327 INFO Wrote JSON for backend/data/raw notes/Wichita/Wichita_08-07-2025 Final City Council Agenda.pdf to backend/processing/output/wichita/Wichita_08-07-2025 Final City Council Agenda.json
2025-11-03 20:49:57,377 INFO Wrote text for backend/data/raw notes/Wichita/Wichita_06-03-2025 Final City Council Agenda v1.pdf to backend/processing/output/wichita/Wichita_06-03-2025 Final City Council Agenda v1.txt
2025-11-03 20:49:57,377 INFO Wrote JSON for backend/data/raw notes/Wichita/Wichita_06-03-2025 Final City Council Agenda v1.pdf to backend/processing/output/wichita/Wichita_06-03-2025 Final City Council Agenda v1.json
2025-11-03 20:49:57,437 INFO Wrote text for backend/data/raw notes/Wichita/Wichita_09-23-2025 Final City Council Agenda.pdf to backend/processing/output/wichita/Wichita_09-23-2025 Final City Council Agenda.txt
2025-11-03 20:49:57,437 INFO Wrote JSON for backend/data/raw notes/Wichita/Wichita_09-23-2025 Final City Council Agenda.pdf to backend/processing/output/wichita/Wichita_09-23-2025 Final City Council Agenda.json
2025-11-03 20:49:57,512 INFO Wrote text for backend/data/raw notes/Wichita/Wichita_10-14-2025 Final City Council Agenda v1.pdf to backend/processing/output/wichita/Wichita_10-14-2025 Final City Council Agenda v1.txt
2025-11-03 20:49:57,512 INFO Wrote JSON for backend/data/raw notes/Wichita/Wichita_10-14-2025 Final City Council Agenda v1.pdf to backend/processing/output/wichita/Wichita_10-14-2025 Final City Council Agenda v1.json
2025-11-03 20:49:57,582 INFO Wrote text for backend/data/raw notes/Wichita/Wichita_05-27-2025 Final City Council Agenda.pdf to backend/processing/output/wichita/Wichita_05-27-2025 Final City Council Agenda.txt
2025-11-03 20:49:57,583 INFO Wrote JSON for backend/data/raw notes/Wichita/Wichita_05-27-2025 Final City Council Agenda.pdf to backend/processing/output/wichita/Wichita_05-27-2025 Final City Council Agenda.json
2025-11-03 20:49:57,640 INFO Wrote text for backend/data/raw notes/Wichita/Wichita_07-08-2025 Final City Council Agenda.pdf to backend/processing/output/wichita/Wichita_07-08-2025 Final City Council Agenda.txt
2025-11-03 20:49:57,641 INFO Wrote JSON for backend/data/raw notes/Wichita/Wichita_07-08-2025 Final City Council Agenda.pdf to backend/processing/output/wichita/Wichita_07-08-2025 Final City Council Agenda.json
2025-11-03 20:49:57,743 INFO Wrote text for backend/data/raw notes/Wichita/Wichita_09-16-2025 Final City Council Agenda.pdf to backend/processing/output/wichita/Wichita_09-16-2025 Final City Council Agenda.txt
2025-11-03 20:49:57,743 INFO Wrote JSON for backend/data/raw notes/Wichita/Wichita_09-16-2025 Final City Council Agenda.pdf to backend/processing/output/wichita/Wichita_09-16-2025 Final City Council Agenda.json
2025-11-03 20:49:57,854 INFO Wrote text for backend/data/raw notes/Wichita/Wichita_04-22-2025 Final City Council Agenda.pdf to backend/processing/output/wichita/Wichita_04-22-2025 Final City Council Agenda.txt
2025-11-03 20:49:57,854 INFO Wrote JSON for backend/data/raw notes/Wichita/Wichita_04-22-2025 Final City Council Agenda.pdf to backend/processing/output/wichita/Wichita_04-22-2025 Final City Council Agenda.json
2025-11-03 20:49:57,936 INFO Wrote text for backend/data/raw notes/Wichita/Wichita_07-22-2025 Final City Council Agenda.pdf to backend/processing/output/wichita/Wichita_07-22-2025 Final City Council Agenda.txt
2025-11-03 20:49:57,936 INFO Wrote JSON for backend/data/raw notes/Wichita/Wichita_07-22-2025 Final City Council Agenda.pdf to backend/processing/output/wichita/Wichita_07-22-2025 Final City Council Agenda.json
2025-11-03 20:50:06,663 INFO Wrote text for backend/data/raw notes/Wichita/Wichita_08-19-2025 Final City Council Agenda Packet.pdf to backend/processing/output/wichita/Wichita_08-19-2025 Final City Council Agenda Packet.txt
2025-11-03 20:50:06,678 INFO Wrote JSON for backend/data/raw notes/Wichita/Wichita_08-19-2025 Final City Council Agenda Packet.pdf to backend/processing/output/wichita/Wichita_08-19-2025 Final City Council Agenda Packet.json
2025-11-03 20:50:06,759 INFO Wrote text for backend/data/raw notes/Wichita/Wichita_09-02-2025 Final City Council Agenda.pdf to backend/processing/output/wichita/Wichita_09-02-2025 Final City Council Agenda.txt
2025-11-03 20:50:06,760 INFO Wrote JSON for backend/data/raw notes/Wichita/Wichita_09-02-2025 Final City Council Agenda.pdf to backend/processing/output/wichita/Wichita_09-02-2025 Final City Council Agenda.json
2025-11-03 20:50:06,823 INFO Wrote text for backend/data/raw notes/Wichita/Wichita_09-09-2025 Final City Council Agenda.pdf to backend/processing/output/wichita/Wichita_09-09-2025 Final City Council Agenda.txt
2025-11-03 20:50:06,823 INFO Wrote JSON for backend/data/raw notes/Wichita/Wichita_09-09-2025 Final City Council Agenda.pdf to backend/processing/output/wichita/Wichita_09-09-2025 Final City Council Agenda.json
2025-11-03 20:50:06,898 INFO Wrote text for backend/data/raw notes/Wichita/Wichita_10-21-2025 Final City Council Agenda.pdf to backend/processing/output/wichita/Wichita_10-21-2025 Final City Council Agenda.txt
2025-11-03 20:50:06,898 INFO Wrote JSON for backend/data/raw notes/Wichita/Wichita_10-21-2025 Final City Council Agenda.pdf to backend/processing/output/wichita/Wichita_10-21-2025 Final City Council Agenda.json
2025-11-03 20:50:06,986 INFO Wrote text for backend/data/raw notes/Wichita/Wichita_07-15-2025 Final City Council Agenda.pdf to backend/processing/output/wichita/Wichita_07-15-2025 Final City Council Agenda.txt
2025-11-03 20:50:06,986 INFO Wrote JSON for backend/data/raw notes/Wichita/Wichita_07-15-2025 Final City Council Agenda.pdf to backend/processing/output/wichita/Wichita_07-15-2025 Final City Council Agenda.json
2025-11-03 20:50:07,060 INFO Wrote text for backend/data/raw notes/Wichita/Wichita_06-17-2025 Final City Council Agenda_Revised.pdf to backend/processing/output/wichita/Wichita_06-17-2025 Final City Council Agenda_Revised.txt
2025-11-03 20:50:07,060 INFO Wrote JSON for backend/data/raw notes/Wichita/Wichita_06-17-2025 Final City Council Agenda_Revised.pdf to backend/processing/output/wichita/Wichita_06-17-2025 Final City Council Agenda_Revised.json
2025-11-03 20:50:07,140 INFO Wrote text for backend/data/raw notes/Wichita/Wichita_04-15-2025 Final City Council Agenda.pdf to backend/processing/output/wichita/Wichita_04-15-2025 Final City Council Agenda.txt
2025-11-03 20:50:07,141 INFO Wrote JSON for backend/data/raw notes/Wichita/Wichita_04-15-2025 Final City Council Agenda.pdf to backend/processing/output/wichita/Wichita_04-15-2025 Final City Council Agenda.json
2025-11-03 20:50:07,188 INFO Wrote text for backend/data/raw notes/Wichita/Wichita_06-24-2025 Final City Council Agenda_REVISED.pdf to backend/processing/output/wichita/Wichita_06-24-2025 Final City Council Agenda_REVISED.txt
2025-11-03 20:50:07,188 INFO Wrote JSON for backend/data/raw notes/Wichita/Wichita_06-24-2025 Final City Council Agenda_REVISED.pdf to backend/processing/output/wichita/Wichita_06-24-2025 Final City Council Agenda_REVISED.json
2025-11-03 20:50:07,278 INFO Wrote text for backend/data/raw notes/Wichita/Wichita_05-20-2025 Final City Council Agenda V1.pdf to backend/processing/output/wichita/Wichita_05-20-2025 Final City Council Agenda V1.txt
2025-11-03 20:50:07,279 INFO Wrote JSON for backend/data/raw notes/Wichita/Wichita_05-20-2025 Final City Council Agenda V1.pdf to backend/processing/output/wichita/Wichita_05-20-2025 Final City Council Agenda V1.json
2025-11-03 20:50:16,962 INFO Wrote text for backend/data/raw notes/Wichita/Wichita_08-12-2025 Draft City Council Agenda.pdf to backend/processing/output/wichita/Wichita_08-12-2025 Draft City Council Agenda.txt
2025-11-03 20:50:16,963 INFO Wrote JSON for backend/data/raw notes/Wichita/Wichita_08-12-2025 Draft City Council Agenda.pdf to backend/processing/output/wichita/Wichita_08-12-2025 Draft City Council Agenda.json
2025-11-03 20:50:17,210 INFO Wrote text for backend/data/raw notes/Wichita/Wichita_05-13-2025 Final City Council Agenda.pdf to backend/processing/output/wichita/Wichita_05-13-2025 Final City Council Agenda.txt
2025-11-03 20:50:17,211 INFO Wrote JSON for backend/data/raw notes/Wichita/Wichita_05-13-2025 Final City Council Agenda.pdf to backend/processing/output/wichita/Wichita_05-13-2025 Final City Council Agenda.json
2025-11-03 20:50:17,266 INFO Wrote text for backend/data/raw notes/Wichita/Wichita_07-01-2025 Final City Council Agenda.pdf to backend/processing/output/wichita/Wichita_07-01-2025 Final City Council Agenda.txt
2025-11-03 20:50:17,266 INFO Wrote JSON for backend/data/raw notes/Wichita/Wichita_07-01-2025 Final City Council Agenda.pdf to backend/processing/output/wichita/Wichita_07-01-2025 Final City Council Agenda.json
2025-11-03 20:50:17,290 INFO Wrote text for /Users/gbrock/Projects/cs1060/civicPulse/CIVIC-civic-pulse/backend/processing/test_files/lowell_10142025.pdf to /Users/gbrock/Projects/cs1060/civicPulse/CIVIC-civic-pulse/backend/processing/output/lowell_10142025.txt
2025-11-03 20:50:17,291 INFO Wrote JSON for /Users/gbrock/Projects/cs1060/civicPulse/CIVIC-civic-pulse/backend/processing/test_files/lowell_10142025.pdf to /Users/gbrock/Projects/cs1060/civicPulse/CIVIC-civic-pulse/backend/processing/output/lowell_10142025.json
2025-11-03 20:50:17,298 INFO Wrote text for /Users/gbrock/Projects/cs1060/civicPulse/CIVIC-civic-pulse/backend/processing/test_files/March 25 2024 Canton energy Advisory Committee Meeting.pdf to /Users/gbrock/Projects/cs1060/civicPulse/CIVIC-civic-pulse/backend/processing/output/March 25 2024 Canton energy Advisory Committee Meeting.txt
2025-11-03 20:50:17,299 INFO Wrote JSON for /Users/gbrock/Projects/cs1060/civicPulse/CIVIC-civic-pulse/backend/processing/test_files/March 25 2024 Canton energy Advisory Committee Meeting.pdf to /Users/gbrock/Projects/cs1060/civicPulse/CIVIC-civic-pulse/backend/processing/output/March 25 2024 Canton energy Advisory Committee Meeting.json
2025-11-03 20:50:17,328 INFO Wrote text for /Users/gbrock/Projects/cs1060/civicPulse/CIVIC-civic-pulse/backend/processing/test_files/lowell_10212025.pdf to /Users/gbrock/Projects/cs1060/civicPulse/CIVIC-civic-pulse/backend/processing/output/lowell_10212025.txt
2025-11-03 20:50:17,328 INFO Wrote JSON for /Users/gbrock/Projects/cs1060/civicPulse/CIVIC-civic-pulse/backend/processing/test_files/lowell_10212025.pdf to /Users/gbrock/Projects/cs1060/civicPulse/CIVIC-civic-pulse/backend/processing/output/lowell_10212025.json
2025-11-03 20:50:17,369 INFO Wrote text for /Users/gbrock/Projects/cs1060/civicPulse/CIVIC-civic-pulse/backend/processing/test_files/lowell_10282025.pdf to /Users/gbrock/Projects/cs1060/civicPulse/CIVIC-civic-pulse/backend/processing/output/lowell_10282025.txt
2025-11-03 20:50:17,369 INFO Wrote JSON for /Users/gbrock/Projects/cs1060/civicPulse/CIVIC-civic-pulse/backend/processing/test_files/lowell_10282025.pdf to /Users/gbrock/Projects/cs1060/civicPulse/CIVIC-civic-pulse/backend/processing/output/lowell_10282025.json
2025-11-03 20:50:17,374 INFO Wrote text for /Users/gbrock/Projects/cs1060/civicPulse/CIVIC-civic-pulse/backend/processing/test_files/October 8 2025 Meeting.pdf to /Users/gbrock/Projects/cs1060/civicPulse/CIVIC-civic-pulse/backend/processing/output/October 8 2025 Meeting.txt
2025-11-03 20:50:17,375 INFO Wrote JSON for /Users/gbrock/Projects/cs1060/civicPulse/CIVIC-civic-pulse/backend/processing/test_files/October 8 2025 Meeting.pdf to /Users/gbrock/Projects/cs1060/civicPulse/CIVIC-civic-pulse/backend/processing/output/October 8 2025 Meeting.json
2025-11-03 20:56:08,811 INFO Wrote text for backend/data/raw notes/Wichita/Wichita_10-07-2025 Final City Council Agenda.pdf to backend/processing/output/wichita/Wichita_10-07-2025 Final City Council Agenda.txt
2025-11-03 20:56:08,812 INFO Wrote JSON for backend/data/raw notes/Wichita/Wichita_10-07-2025 Final City Council Agenda.pdf to backend/processing/output/wichita/Wichita_10-07-2025 Final City Council Agenda.json
2025-11-03 20:56:08,977 INFO Wrote text for backend/data/raw notes/Wichita/Wichita_05-06-2025 Final City Council Agenda v1.pdf to backend/processing/output/wichita/Wichita_05-06-2025 Final City Council Agenda v1.txt
2025-11-03 20:56:08,978 INFO Wrote JSON for backend/data/raw notes/Wichita/Wichita_05-06-2025 Final City Council Agenda v1.pdf to backend/processing/output/wichita/Wichita_05-06-2025 Final City Council Agenda v1.json
2025-11-03 20:56:09,075 INFO Wrote text for backend/data/raw notes/Wichita/Wichita_08-12-2025 Final City Council Agenda.pdf to backend/processing/output/wichita/Wichita_08-12-2025 Final City Council Agenda.txt
2025-11-03 20:56:09,076 INFO Wrote JSON for backend/data/raw notes/Wichita/Wichita_08-12-2025 Final City Council Agenda.pdf to backend/processing/output/wichita/Wichita_08-12-2025 Final City Council Agenda.json
2025-11-03 20:56:09,083 INFO Wrote text for backend/data/raw notes/Wichita/Wichita_04-29-2025 CIty County En Banc Meeting.pdf to backend/processing/output/wichita/Wichita_04-29-2025 CIty County En Banc Meeting.txt
2025-11-03 20:56:09,083 INFO Wrote JSON for backend/data/raw notes/Wichita/Wichita_04-29-2025 CIty County En Banc Meeting.pdf to backend/processing/output/wichita/Wichita_04-29-2025 CIty County En Banc Meeting.json
2025-11-03 20:56:09,158 INFO Wrote text for backend/data/raw notes/Wichita/Wichita_06-10-2025 Final City Council Agenda.pdf to backend/processing/output/wichita/Wichita_06-10-2025 Final City Council Agenda.txt
2025-11-03 20:56:09,159 INFO Wrote JSON for backend/data/raw notes/Wichita/Wichita_06-10-2025 Final City Council Agenda.pdf to backend/processing/output/wichita/Wichita_06-10-2025 Final City Council Agenda.json
2025-11-03 20:56:09,228 INFO Wrote text for backend/data/raw notes/Wichita/Wichita_08-26-2025 Final City Council Agenda v2.pdf to backend/processing/output/wichita/Wichita_08-26-2025 Final City Council Agenda v2.txt
2025-11-03 20:56:09,229 INFO Wrote JSON for backend/data/raw notes/Wichita/Wichita_08-26-2025 Final City Council Agenda v2.pdf to backend/processing/output/wichita/Wichita_08-26-2025 Final City Council Agenda v2.json
2025-11-03 20:56:09,293 INFO Wrote text for backend/data/raw notes/Wichita/Wichita_08-07-2025 Final City Council Agenda.pdf to backend/processing/output/wichita/Wichita_08-07-2025 Final City Council Agenda.txt
2025-11-03 20:56:09,294 INFO Wrote JSON for backend/data/raw notes/Wichita/Wichita_08-07-2025 Final City Council Agenda.pdf to backend/processing/output/wichita/Wichita_08-07-2025 Final City Council Agenda.json
2025-11-03 20:56:09,339 INFO Wrote text for backend/data/raw notes/Wichita/Wichita_06-03-2025 Final City Council Agenda v1.pdf to backend/processing/output/wichita/Wichita_06-03-2025 Final City Council Agenda v1.txt
2025-11-03 20:56:09,340 INFO Wrote JSON for backend/data/raw notes/Wichita/Wichita_06-03-2025 Final City Council Agenda v1.pdf to backend/processing/output/wichita/Wichita_06-03-2025 Final City Council Agenda v1.json
2025-11-03 20:56:09,398 INFO Wrote text for backend/data/raw notes/Wichita/Wichita_09-23-2025 Final City Council Agenda.pdf to backend/processing/output/wichita/Wichita_09-23-2025 Final City Council Agenda.txt
2025-11-03 20:56:09,398 INFO Wrote JSON for backend/data/raw notes/Wichita/Wichita_09-23-2025 Final City Council Agenda.pdf to backend/processing/output/wichita/Wichita_09-23-2025 Final City Council Agenda.json
2025-11-03 20:56:09,469 INFO Wrote text for backend/data/raw notes/Wichita/Wichita_10-14-2025 Final City Council Agenda v1.pdf to backend/processing/output/wichita/Wichita_10-14-2025 Final City Council Agenda v1.txt
2025-11-03 20:56:09,470 INFO Wrote JSON for backend/data/raw notes/Wichita/Wichita_10-14-2025 Final City Council Agenda v1.pdf to backend/processing/output/wichita/Wichita_10-14-2025 Final City Council Agenda v1.json
2025-11-03 20:56:09,541 INFO Wrote text for backend/data/raw notes/Wichita/Wichita_05-27-2025 Final City Council Agenda.pdf to backend/processing/output/wichita/Wichita_05-27-2025 Final City Council Agenda.txt
2025-11-03 20:56:09,542 INFO Wrote JSON for backend/data/raw notes/Wichita/Wichita_05-27-2025 Final City Council Agenda.pdf to backend/processing/output/wichita/Wichita_05-27-2025 Final City Council Agenda.json
2025-11-03 20:56:09,596 INFO Wrote text for backend/data/raw notes/Wichita/Wichita_07-08-2025 Final City Council Agenda.pdf to backend/processing/output/wichita/Wichita_07-08-2025 Final City Council Agenda.txt
2025-11-03 20:56:09,596 INFO Wrote JSON for backend/data/raw notes/Wichita/Wichita_07-08-2025 Final City Council Agenda.pdf to backend/processing/output/wichita/Wichita_07-08-2025 Final City Council Agenda.json
2025-11-03 20:56:09,694 INFO Wrote text for backend/data/raw notes/Wichita/Wichita_09-16-2025 Final City Council Agenda.pdf to backend/processing/output/wichita/Wichita_09-16-2025 Final City Council Agenda.txt
2025-11-03 20:56:09,695 INFO Wrote JSON for backend/data/raw notes/Wichita/Wichita_09-16-2025 Final City Council Agenda.pdf to backend/processing/output/wichita/Wichita_09-16-2025 Final City Council Agenda.json
2025-11-03 20:56:09,754 INFO Wrote text for backend/data/raw notes/Wichita/Wichita_04-22-2025 Final City Council Agenda.pdf to backend/processing/output/wichita/Wichita_04-22-2025 Final City Council Agenda.txt
2025-11-03 20:56:09,755 INFO Wrote JSON for backend/data/raw notes/Wichita/Wichita_04-22-2025 Final City Council Agenda.pdf to backend/processing/output/wichita/Wichita_04-22-2025 Final City Council Agenda.json
2025-11-03 20:56:09,821 INFO Wrote text for backend/data/raw notes/Wichita/Wichita_07-22-2025 Final City Council Agenda.pdf to backend/processing/output/wichita/Wichita_07-22-2025 Final City Council Agenda.txt
2025-11-03 20:56:09,824 INFO Wrote JSON for backend/data/raw notes/Wichita/Wichita_07-22-2025 Final City Council Agenda.pdf to backend/processing/output/wichita/Wichita_07-22-2025 Final City Council Agenda.json
2025-11-03 20:56:18,331 INFO Wrote text for backend/data/raw notes/Wichita/Wichita_08-19-2025 Final City Council Agenda Packet.pdf to backend/processing/output/wichita/Wichita_08-19-2025 Final City Council Agenda Packet.txt
2025-11-03 20:56:18,344 INFO Wrote JSON for backend/data/raw notes/Wichita/Wichita_08-19-2025 Final City Council Agenda Packet.pdf to backend/processing/output/wichita/Wichita_08-19-2025 Final City Council Agenda Packet.json
2025-11-03 20:56:18,422 INFO Wrote text for backend/data/raw notes/Wichita/Wichita_09-02-2025 Final City Council Agenda.pdf to backend/processing/output/wichita/Wichita_09-02-2025 Final City Council Agenda.txt
2025-11-03 20:56:18,423 INFO Wrote JSON for backend/data/raw notes/Wichita/Wichita_09-02-2025 Final City Council Agenda.pdf to backend/processing/output/wichita/Wichita_09-02-2025 Final City Council Agenda.json
2025-11-03 20:56:18,485 INFO Wrote text for backend/data/raw notes/Wichita/Wichita_09-09-2025 Final City Council Agenda.pdf to backend/processing/output/wichita/Wichita_09-09-2025 Final City Council Agenda.txt
2025-11-03 20:56:18,485 INFO Wrote JSON for backend/data/raw notes/Wichita/Wichita_09-09-2025 Final City Council Agenda.pdf to backend/processing/output/wichita/Wichita_09-09-2025 Final City Council Agenda.json
2025-11-03 20:56:18,561 INFO Wrote text for backend/data/raw notes/Wichita/Wichita_10-21-2025 Final City Council Agenda.pdf to backend/processing/output/wichita/Wichita_10-21-2025 Final City Council Agenda.txt
2025-11-03 20:56:18,562 INFO Wrote JSON for backend/data/raw notes/Wichita/Wichita_10-21-2025 Final City Council Agenda.pdf to backend/processing/output/wichita/Wichita_10-21-2025 Final City Council Agenda.json
2025-11-03 20:56:18,649 INFO Wrote text for backend/data/raw notes/Wichita/Wichita_07-15-2025 Final City Council Agenda.pdf to backend/processing/output/wichita/Wichita_07-15-2025 Final City Council Agenda.txt
2025-11-03 20:56:18,650 INFO Wrote JSON for backend/data/raw notes/Wichita/Wichita_07-15-2025 Final City Council Agenda.pdf to backend/processing/output/wichita/Wichita_07-15-2025 Final City Council Agenda.json
2025-11-03 20:56:18,724 INFO Wrote text for backend/data/raw notes/Wichita/Wichita_06-17-2025 Final City Council Agenda_Revised.pdf to backend/processing/output/wichita/Wichita_06-17-2025 Final City Council Agenda_Revised.txt
2025-11-03 20:56:18,725 INFO Wrote JSON for backend/data/raw notes/Wichita/Wichita_06-17-2025 Final City Council Agenda_Revised.pdf to backend/processing/output/wichita/Wichita_06-17-2025 Final City Council Agenda_Revised.json
2025-11-03 20:56:18,804 INFO Wrote text for backend/data/raw notes/Wichita/Wichita_04-15-2025 Final City Council Agenda.pdf to backend/processing/output/wichita/Wichita_04-15-2025 Final City Council Agenda.txt
2025-11-03 20:56:18,804 INFO Wrote JSON for backend/data/raw notes/Wichita/Wichita_04-15-2025 Final City Council Agenda.pdf to backend/processing/output/wichita/Wichita_04-15-2025 Final City Council Agenda.json
2025-11-03 20:56:18,851 INFO Wrote text for backend/data/raw notes/Wichita/Wichita_06-24-2025 Final City Council Agenda_REVISED.pdf to backend/processing/output/wichita/Wichita_06-24-2025 Final City Council Agenda_REVISED.txt
2025-11-03 20:56:18,852 INFO Wrote JSON for backend/data/raw notes/Wichita/Wichita_06-24-2025 Final City Council Agenda_REVISED.pdf to backend/processing/output/wichita/Wichita_06-24-2025 Final City Council Agenda_REVISED.json
2025-11-03 20:56:18,940 INFO Wrote text for backend/data/raw notes/Wichita/Wichita_05-20-2025 Final City Council Agenda V1.pdf to backend/processing/output/wichita/Wichita_05-20-2025 Final City Council Agenda V1.txt
2025-11-03 20:56:18,940 INFO Wrote JSON for backend/data/raw notes/Wichita/Wichita_05-20-2025 Final City Council Agenda V1.pdf to backend/processing/output/wichita/Wichita_05-20-2025 Final City Council Agenda V1.json
2025-11-03 20:56:28,569 INFO Wrote text for backend/data/raw notes/Wichita/Wichita_08-12-2025 Draft City Council Agenda.pdf to backend/processing/output/wichita/Wichita_08-12-2025 Draft City Council Agenda.txt
2025-11-03 20:56:28,570 INFO Wrote JSON for backend/data/raw notes/Wichita/Wichita_08-12-2025 Draft City Council Agenda.pdf to backend/processing/output/wichita/Wichita_08-12-2025 Draft City Council Agenda.json
2025-11-03 20:56:28,808 INFO Wrote text for backend/data/raw notes/Wichita/Wichita_05-13-2025 Final City Council Agenda.pdf to backend/processing/output/wichita/Wichita_05-13-2025 Final City Council Agenda.txt
2025-11-03 20:56:28,809 INFO Wrote JSON for backend/data/raw notes/Wichita/Wichita_05-13-2025 Final City Council Agenda.pdf to backend/processing/output/wichita/Wichita_05-13-2025 Final City Council Agenda.json
2025-11-03 20:56:28,861 INFO Wrote text for backend/data/raw notes/Wichita/Wichita_07-01-2025 Final City Council Agenda.pdf to backend/processing/output/wichita/Wichita_07-01-2025 Final City Council Agenda.txt
2025-11-03 20:56:28,862 INFO Wrote JSON for backend/data/raw notes/Wichita/Wichita_07-01-2025 Final City Council Agenda.pdf to backend/processing/output/wichita/Wichita_07-01-2025 Final City Council Agenda.json
2025-11-03 20:56:28,886 INFO Wrote text for /Users/gbrock/Projects/cs1060/civicPulse/CIVIC-civic-pulse/backend/processing/test_files/lowell_10142025.pdf to /Users/gbrock/Projects/cs1060/civicPulse/CIVIC-civic-pulse/backend/processing/output/lowell_10142025.txt
2025-11-03 20:56:28,886 INFO Wrote JSON for /Users/gbrock/Projects/cs1060/civicPulse/CIVIC-civic-pulse/backend/processing/test_files/lowell_10142025.pdf to /Users/gbrock/Projects/cs1060/civicPulse/CIVIC-civic-pulse/backend/processing/output/lowell_10142025.json
2025-11-03 20:56:28,893 INFO Wrote text for /Users/gbrock/Projects/cs1060/civicPulse/CIVIC-civic-pulse/backend/processing/test_files/March 25 2024 Canton energy Advisory Committee Meeting.pdf to /Users/gbrock/Projects/cs1060/civicPulse/CIVIC-civic-pulse/backend/processing/output/March 25 2024 Canton energy Advisory Committee Meeting.txt
2025-11-03 20:56:28,893 INFO Wrote JSON for /Users/gbrock/Projects/cs1060/civicPulse/CIVIC-civic-pulse/backend/processing/test_files/March 25 2024 Canton energy Advisory Committee Meeting.pdf to /Users/gbrock/Projects/cs1060/civicPulse/CIVIC-civic-pulse/backend/processing/output/March 25 2024 Canton energy Advisory Committee Meeting.json
2025-11-03 20:56:28,923 INFO Wrote text for /Users/gbrock/Projects/cs1060/civicPulse/CIVIC-civic-pulse/backend/processing/test_files/lowell_10212025.pdf to /Users/gbrock/Projects/cs1060/civicPulse/CIVIC-civic-pulse/backend/processing/output/lowell_10212025.txt
2025-11-03 20:56:28,923 INFO Wrote JSON for /Users/gbrock/Projects/cs1060/civicPulse/CIVIC-civic-pulse/backend/processing/test_files/lowell_10212025.pdf to /Users/gbrock/Projects/cs1060/civicPulse/CIVIC-civic-pulse/backend/processing/output/lowell_10212025.json
2025-11-03 20:56:28,965 INFO Wrote text for /Users/gbrock/Projects/cs1060/civicPulse/CIVIC-civic-pulse/backend/processing/test_files/lowell_10282025.pdf to /Users/gbrock/Projects/cs1060/civicPulse/CIVIC-civic-pulse/backend/processing/output/lowell_10282025.txt
2025-11-03 20:56:28,965 INFO Wrote JSON for /Users/gbrock/Projects/cs1060/civicPulse/CIVIC-civic-pulse/backend/processing/test_files/lowell_10282025.pdf to /Users/gbrock/Projects/cs1060/civicPulse/CIVIC-civic-pulse/backend/processing/output/lowell_10282025.json
2025-11-03 20:56:28,971 INFO Wrote text for /Users/gbrock/Projects/cs1060/civicPulse/CIVIC-civic-pulse/backend/processing/test_files/October 8 2025 Meeting.pdf to /Users/gbrock/Projects/cs1060/civicPulse/CIVIC-civic-pulse/backend/processing/output/October 8 2025 Meeting.txt
2025-11-03 20:56:28,971 INFO Wrote JSON for /Users/gbrock/Projects/cs1060/civicPulse/CIVIC-civic-pulse/backend/processing/test_files/October 8 2025 Meeting.pdf to /Users/gbrock/Projects/cs1060/civicPulse/CIVIC-civic-pulse/backend/processing/output/October 8 2025 Meeting.json
